{"level":"info","message":"Server is running on port 5000","timestamp":"2023-09-29T17:33:54.230Z"}
{"level":"info","message":"Server is running on port 5000","timestamp":"2023-10-05T06:07:21.540Z"}
{"level":"info","message":"Server is running on port 5000","timestamp":"2023-10-05T14:01:34.498Z"}
{"level":"info","message":"[2023-10-05T14:02:24.951Z] GET /api/getEmployees","timestamp":"2023-10-05T14:02:24.951Z"}
{"level":"info","message":"[2023-10-05T14:02:25.084Z] GET /api/getEmployees","timestamp":"2023-10-05T14:02:25.084Z"}
{"level":"info","message":"[2023-10-05T14:02:27.755Z] GET /api/getEmployees","timestamp":"2023-10-05T14:02:27.755Z"}
{"level":"info","message":"[2023-10-05T14:02:27.762Z] GET /api/getEmployees","timestamp":"2023-10-05T14:02:27.762Z"}
{"level":"info","message":"[2023-10-05T15:31:45.412Z] GET /api/getEmployees","timestamp":"2023-10-05T15:31:45.413Z"}
{"level":"info","message":"[2023-10-05T15:31:45.447Z] GET /api/getEmployees","timestamp":"2023-10-05T15:31:45.447Z"}
{"level":"info","message":"[2023-10-05T15:31:47.183Z] GET /api/getEmployees","timestamp":"2023-10-05T15:31:47.183Z"}
{"level":"info","message":"[2023-10-05T15:31:47.190Z] GET /api/getEmployees","timestamp":"2023-10-05T15:31:47.190Z"}
{"level":"info","message":"[2023-10-05T15:31:48.283Z] GET /api/getEmployees","timestamp":"2023-10-05T15:31:48.283Z"}
{"level":"info","message":"[2023-10-05T15:31:48.289Z] GET /api/getEmployees","timestamp":"2023-10-05T15:31:48.289Z"}
{"level":"info","message":"Server is running on port 5000","timestamp":"2023-10-06T11:28:26.025Z"}
{"level":"info","message":"[2023-10-06T11:31:38.946Z] GET /api/getEmployee/invalidId","timestamp":"2023-10-06T11:31:38.946Z"}
{"level":"info","message":"[2023-10-06T11:31:38.960Z] Response Status: 200","timestamp":"2023-10-06T11:31:38.960Z"}
{"level":"info","message":"[2023-10-06T11:34:27.290Z] GET /api/getEmployee/10","timestamp":"2023-10-06T11:34:27.290Z"}
{"level":"info","message":"[2023-10-06T11:34:27.292Z] Response Status: 200","timestamp":"2023-10-06T11:34:27.292Z"}
{"level":"info","message":"[2023-10-06T11:55:54.420Z] GET /api/getEmployees","timestamp":"2023-10-06T11:55:54.420Z"}
{"level":"info","message":"[2023-10-06T11:55:54.523Z] GET /api/getEmployees","timestamp":"2023-10-06T11:55:54.523Z"}
{"level":"info","message":"[2023-10-06T11:55:56.720Z] GET /api/getEmployees","timestamp":"2023-10-06T11:55:56.720Z"}
{"level":"info","message":"[2023-10-06T11:55:56.724Z] GET /api/getEmployees","timestamp":"2023-10-06T11:55:56.724Z"}
{"level":"info","message":"[2023-10-06T11:55:57.458Z] GET /api/getEmployees","timestamp":"2023-10-06T11:55:57.458Z"}
{"level":"info","message":"[2023-10-06T11:55:57.461Z] GET /api/getEmployees","timestamp":"2023-10-06T11:55:57.461Z"}
{"level":"info","message":"[2023-10-06T11:55:57.581Z] GET /api/getEmployees","timestamp":"2023-10-06T11:55:57.581Z"}
{"level":"info","message":"[2023-10-06T11:55:57.585Z] GET /api/getEmployees","timestamp":"2023-10-06T11:55:57.585Z"}
{"level":"info","message":"[2023-10-06T11:55:57.742Z] GET /api/getEmployees","timestamp":"2023-10-06T11:55:57.742Z"}
{"level":"info","message":"[2023-10-06T11:55:57.746Z] GET /api/getEmployees","timestamp":"2023-10-06T11:55:57.746Z"}
{"level":"info","message":"[2023-10-06T11:55:57.991Z] GET /api/getEmployees","timestamp":"2023-10-06T11:55:57.991Z"}
{"level":"info","message":"[2023-10-06T11:55:58.027Z] GET /api/getEmployees","timestamp":"2023-10-06T11:55:58.027Z"}
{"level":"info","message":"[2023-10-06T11:55:58.300Z] GET /api/getEmployees","timestamp":"2023-10-06T11:55:58.300Z"}
{"level":"info","message":"[2023-10-06T11:55:58.313Z] GET /api/getEmployees","timestamp":"2023-10-06T11:55:58.313Z"}
{"level":"info","message":"[2023-10-06T11:55:58.932Z] GET /api/getEmployees","timestamp":"2023-10-06T11:55:58.932Z"}
{"level":"info","message":"[2023-10-06T11:55:58.949Z] GET /api/getEmployees","timestamp":"2023-10-06T11:55:58.949Z"}
{"level":"info","message":"[2023-10-06T11:55:59.317Z] GET /api/getEmployees","timestamp":"2023-10-06T11:55:59.317Z"}
{"level":"info","message":"[2023-10-06T11:55:59.324Z] GET /api/getEmployees","timestamp":"2023-10-06T11:55:59.324Z"}
{"level":"info","message":"[2023-10-06T11:55:59.719Z] GET /api/getEmployees","timestamp":"2023-10-06T11:55:59.719Z"}
{"level":"info","message":"[2023-10-06T11:55:59.723Z] GET /api/getEmployees","timestamp":"2023-10-06T11:55:59.723Z"}
{"level":"info","message":"[2023-10-06T11:56:00.090Z] GET /api/getEmployees","timestamp":"2023-10-06T11:56:00.090Z"}
{"level":"info","message":"[2023-10-06T11:56:00.095Z] GET /api/getEmployees","timestamp":"2023-10-06T11:56:00.095Z"}
{"level":"info","message":"[2023-10-06T11:56:00.428Z] GET /api/getEmployees","timestamp":"2023-10-06T11:56:00.428Z"}
{"level":"info","message":"[2023-10-06T11:56:00.436Z] GET /api/getEmployees","timestamp":"2023-10-06T11:56:00.436Z"}
{"level":"info","message":"[2023-10-06T11:56:00.724Z] GET /api/getEmployees","timestamp":"2023-10-06T11:56:00.724Z"}
{"level":"info","message":"[2023-10-06T11:56:00.727Z] GET /api/getEmployees","timestamp":"2023-10-06T11:56:00.727Z"}
{"level":"info","message":"[2023-10-06T11:56:01.119Z] GET /api/getEmployees","timestamp":"2023-10-06T11:56:01.119Z"}
{"level":"info","message":"[2023-10-06T11:56:01.122Z] GET /api/getEmployees","timestamp":"2023-10-06T11:56:01.122Z"}
{"level":"info","message":"[2023-10-06T11:56:01.515Z] GET /api/getEmployees","timestamp":"2023-10-06T11:56:01.515Z"}
{"level":"info","message":"[2023-10-06T11:56:01.557Z] GET /api/getEmployees","timestamp":"2023-10-06T11:56:01.557Z"}
{"level":"info","message":"[2023-10-06T11:56:02.430Z] GET /api/getEmployees","timestamp":"2023-10-06T11:56:02.430Z"}
{"level":"info","message":"[2023-10-06T11:56:02.443Z] GET /api/getEmployees","timestamp":"2023-10-06T11:56:02.443Z"}
{"level":"info","message":"[2023-10-06T11:56:02.684Z] GET /api/getEmployees","timestamp":"2023-10-06T11:56:02.684Z"}
{"level":"info","message":"[2023-10-06T11:56:02.688Z] GET /api/getEmployees","timestamp":"2023-10-06T11:56:02.688Z"}
{"level":"info","message":"[2023-10-06T11:56:02.973Z] GET /api/getEmployees","timestamp":"2023-10-06T11:56:02.973Z"}
{"level":"info","message":"[2023-10-06T11:56:02.976Z] GET /api/getEmployees","timestamp":"2023-10-06T11:56:02.976Z"}
{"level":"info","message":"[2023-10-06T11:56:03.201Z] GET /api/getEmployees","timestamp":"2023-10-06T11:56:03.201Z"}
{"level":"info","message":"[2023-10-06T11:56:03.232Z] GET /api/getEmployees","timestamp":"2023-10-06T11:56:03.232Z"}
{"level":"info","message":"[2023-10-06T11:56:03.486Z] GET /api/getEmployees","timestamp":"2023-10-06T11:56:03.486Z"}
{"level":"info","message":"[2023-10-06T11:56:03.489Z] GET /api/getEmployees","timestamp":"2023-10-06T11:56:03.489Z"}
{"level":"info","message":"[2023-10-06T11:56:03.794Z] GET /api/getEmployees","timestamp":"2023-10-06T11:56:03.794Z"}
{"level":"info","message":"[2023-10-06T11:56:03.798Z] GET /api/getEmployees","timestamp":"2023-10-06T11:56:03.798Z"}
{"level":"info","message":"[2023-10-06T11:56:03.969Z] GET /api/getEmployees","timestamp":"2023-10-06T11:56:03.969Z"}
{"level":"info","message":"[2023-10-06T11:56:03.973Z] GET /api/getEmployees","timestamp":"2023-10-06T11:56:03.973Z"}
{"level":"info","message":"[2023-10-06T11:56:04.200Z] GET /api/getEmployees","timestamp":"2023-10-06T11:56:04.200Z"}
{"level":"info","message":"[2023-10-06T11:56:04.207Z] GET /api/getEmployees","timestamp":"2023-10-06T11:56:04.207Z"}
{"level":"info","message":"[2023-10-06T11:56:04.417Z] GET /api/getEmployees","timestamp":"2023-10-06T11:56:04.417Z"}
{"level":"info","message":"[2023-10-06T11:56:04.420Z] GET /api/getEmployees","timestamp":"2023-10-06T11:56:04.420Z"}
{"level":"info","message":"[2023-10-06T11:56:04.616Z] GET /api/getEmployees","timestamp":"2023-10-06T11:56:04.616Z"}
{"level":"info","message":"[2023-10-06T11:56:04.619Z] GET /api/getEmployees","timestamp":"2023-10-06T11:56:04.619Z"}
{"level":"info","message":"[2023-10-06T11:56:05.068Z] GET /api/getEmployees","timestamp":"2023-10-06T11:56:05.068Z"}
{"level":"info","message":"[2023-10-06T11:56:05.081Z] GET /api/getEmployees","timestamp":"2023-10-06T11:56:05.081Z"}
{"level":"info","message":"[2023-10-06T12:03:26.954Z] GET /api/getEmployees","timestamp":"2023-10-06T12:03:26.954Z"}
{"level":"info","message":"[2023-10-06T12:03:26.972Z] GET /api/getEmployees","timestamp":"2023-10-06T12:03:26.972Z"}
{"level":"info","message":"[2023-10-06T12:03:28.588Z] GET /api/getEmployees","timestamp":"2023-10-06T12:03:28.588Z"}
{"level":"info","message":"[2023-10-06T12:03:28.591Z] GET /api/getEmployees","timestamp":"2023-10-06T12:03:28.591Z"}
{"level":"info","message":"[2023-10-06T12:03:29.468Z] GET /api/getEmployees","timestamp":"2023-10-06T12:03:29.468Z"}
{"level":"info","message":"[2023-10-06T12:03:29.473Z] GET /api/getEmployees","timestamp":"2023-10-06T12:03:29.473Z"}
{"level":"info","message":"[2023-10-06T12:03:30.171Z] GET /api/getEmployees","timestamp":"2023-10-06T12:03:30.171Z"}
{"level":"info","message":"[2023-10-06T12:03:30.175Z] GET /api/getEmployees","timestamp":"2023-10-06T12:03:30.175Z"}
{"level":"info","message":"[2023-10-06T12:03:31.008Z] GET /api/getEmployees","timestamp":"2023-10-06T12:03:31.008Z"}
{"level":"info","message":"[2023-10-06T12:03:31.014Z] GET /api/getEmployees","timestamp":"2023-10-06T12:03:31.014Z"}
{"level":"info","message":"[2023-10-06T12:19:21.914Z] GET /api/getEmployees","timestamp":"2023-10-06T12:19:21.914Z"}
{"level":"info","message":"[2023-10-06T12:19:21.949Z] GET /api/getEmployees","timestamp":"2023-10-06T12:19:21.949Z"}
{"level":"info","message":"[2023-10-06T12:19:27.926Z] GET /api/getEmployees","timestamp":"2023-10-06T12:19:27.926Z"}
{"level":"info","message":"[2023-10-06T12:19:27.941Z] GET /api/getEmployees","timestamp":"2023-10-06T12:19:27.941Z"}
{"level":"info","message":"[2023-10-06T12:19:28.517Z] GET /api/getEmployees","timestamp":"2023-10-06T12:19:28.517Z"}
{"level":"info","message":"[2023-10-06T12:19:28.521Z] GET /api/getEmployees","timestamp":"2023-10-06T12:19:28.521Z"}
{"level":"info","message":"[2023-10-06T12:19:28.840Z] GET /api/getEmployees","timestamp":"2023-10-06T12:19:28.840Z"}
{"level":"info","message":"[2023-10-06T12:19:28.843Z] GET /api/getEmployees","timestamp":"2023-10-06T12:19:28.843Z"}
{"level":"info","message":"[2023-10-06T12:19:29.157Z] GET /api/getEmployees","timestamp":"2023-10-06T12:19:29.157Z"}
{"level":"info","message":"[2023-10-06T12:19:29.182Z] GET /api/getEmployees","timestamp":"2023-10-06T12:19:29.182Z"}
{"level":"info","message":"[2023-10-06T12:19:29.473Z] GET /api/getEmployees","timestamp":"2023-10-06T12:19:29.473Z"}
{"level":"info","message":"[2023-10-06T12:19:29.516Z] GET /api/getEmployees","timestamp":"2023-10-06T12:19:29.516Z"}
{"level":"info","message":"[2023-10-06T12:19:29.791Z] GET /api/getEmployees","timestamp":"2023-10-06T12:19:29.791Z"}
{"level":"info","message":"[2023-10-06T12:19:29.793Z] GET /api/getEmployees","timestamp":"2023-10-06T12:19:29.793Z"}
{"level":"info","message":"[2023-10-06T12:19:30.256Z] GET /api/getEmployees","timestamp":"2023-10-06T12:19:30.256Z"}
{"level":"info","message":"[2023-10-06T12:19:30.261Z] GET /api/getEmployees","timestamp":"2023-10-06T12:19:30.261Z"}
{"level":"info","message":"[2023-10-06T12:19:30.584Z] GET /api/getEmployees","timestamp":"2023-10-06T12:19:30.584Z"}
{"level":"info","message":"[2023-10-06T12:19:30.588Z] GET /api/getEmployees","timestamp":"2023-10-06T12:19:30.588Z"}
{"level":"info","message":"[2023-10-06T12:19:31.011Z] GET /api/getEmployees","timestamp":"2023-10-06T12:19:31.011Z"}
{"level":"info","message":"[2023-10-06T12:19:31.065Z] GET /api/getEmployees","timestamp":"2023-10-06T12:19:31.066Z"}
{"level":"info","message":"[2023-10-06T12:19:31.640Z] GET /api/getEmployees","timestamp":"2023-10-06T12:19:31.640Z"}
{"level":"info","message":"[2023-10-06T12:19:31.671Z] GET /api/getEmployees","timestamp":"2023-10-06T12:19:31.671Z"}
{"level":"info","message":"[2023-10-06T12:19:32.289Z] GET /api/getEmployees","timestamp":"2023-10-06T12:19:32.289Z"}
{"level":"info","message":"[2023-10-06T12:19:32.294Z] GET /api/getEmployees","timestamp":"2023-10-06T12:19:32.294Z"}
{"level":"info","message":"[2023-10-06T12:19:32.611Z] GET /api/getEmployees","timestamp":"2023-10-06T12:19:32.611Z"}
{"level":"info","message":"[2023-10-06T12:19:32.621Z] GET /api/getEmployees","timestamp":"2023-10-06T12:19:32.621Z"}
{"level":"info","message":"Server is running on port 5000","timestamp":"2023-10-07T09:51:47.230Z"}
{"level":"info","message":"[2023-10-07T09:51:57.250Z] GET /api/getEmployees","timestamp":"2023-10-07T09:51:57.250Z"}
{"level":"info","message":"[2023-10-07T09:51:57.360Z] GET /api/getEmployees","timestamp":"2023-10-07T09:51:57.360Z"}
{"level":"info","message":"[2023-10-07T09:52:01.596Z] GET /api/getEmployees","timestamp":"2023-10-07T09:52:01.596Z"}
{"level":"info","message":"[2023-10-07T09:52:01.602Z] GET /api/getEmployees","timestamp":"2023-10-07T09:52:01.602Z"}
{"level":"info","message":"Server is running on port 5000","timestamp":"2023-10-07T09:53:47.290Z"}
{"level":"info","message":"[2023-10-07T09:54:09.985Z] GET /api/getEmployees","timestamp":"2023-10-07T09:54:09.985Z"}
{"level":"info","message":"[2023-10-07T09:54:10.113Z] GET /api/getEmployees","timestamp":"2023-10-07T09:54:10.113Z"}
{"level":"info","message":"[2023-10-07T09:56:30.264Z] GET /api/getEmployees","timestamp":"2023-10-07T09:56:30.264Z"}
{"level":"info","message":"[2023-10-07T09:56:30.304Z] GET /api/getEmployees","timestamp":"2023-10-07T09:56:30.304Z"}
{"level":"info","message":"[2023-10-07T09:56:38.877Z] GET /api/getEmployees","timestamp":"2023-10-07T09:56:38.877Z"}
{"level":"info","message":"[2023-10-07T09:56:38.918Z] GET /api/getEmployees","timestamp":"2023-10-07T09:56:38.918Z"}
{"level":"info","message":"Server is running on port 5000","timestamp":"2023-10-07T10:03:32.557Z"}
{"level":"info","message":"Server is running on port 5000","timestamp":"2023-10-07T11:03:50.141Z"}
{"level":"info","message":"[2023-10-07T11:04:55.229Z] GET /api/getEmployees","timestamp":"2023-10-07T11:04:55.229Z"}
{"level":"info","message":"[2023-10-07T11:05:09.594Z] GET /api/getEmployees","timestamp":"2023-10-07T11:05:09.594Z"}
{"level":"info","message":"[2023-10-07T11:05:12.066Z] GET /api/getEmployees","timestamp":"2023-10-07T11:05:12.066Z"}
{"level":"info","message":"[2023-10-07T11:05:13.042Z] GET /api/getEmployees","timestamp":"2023-10-07T11:05:13.042Z"}
{"level":"info","message":"[2023-10-07T11:09:39.534Z] GET /api/getEmployees","timestamp":"2023-10-07T11:09:39.534Z"}
{"level":"info","message":"Server is running on port 5000","timestamp":"2023-10-07T11:10:34.356Z"}
{"level":"info","message":"[2023-10-07T11:11:01.521Z] GET /api/getEmployees","timestamp":"2023-10-07T11:11:01.522Z"}
{"level":"info","message":"[2023-10-07T11:12:49.554Z] GET /api/getEmployees","timestamp":"2023-10-07T11:12:49.554Z"}
{"level":"info","message":"[2023-10-07T11:15:23.429Z] GET /api/getEmployees","timestamp":"2023-10-07T11:15:23.429Z"}
{"level":"info","message":"[2023-10-07T11:15:57.121Z] GET /api/getEmployees","timestamp":"2023-10-07T11:15:57.121Z"}
{"level":"info","message":"[2023-10-07T11:16:04.523Z] GET /api/getEmployees","timestamp":"2023-10-07T11:16:04.523Z"}
{"level":"info","message":"[2023-10-07T11:16:09.798Z] GET /api/getEmployees","timestamp":"2023-10-07T11:16:09.798Z"}
{"level":"info","message":"[2023-10-07T11:16:12.460Z] GET /api/getEmployees","timestamp":"2023-10-07T11:16:12.460Z"}
{"level":"info","message":"[2023-10-07T11:18:02.283Z] GET /api/getEmployees","timestamp":"2023-10-07T11:18:02.283Z"}
{"level":"info","message":"[2023-10-07T11:18:51.326Z] GET /api/getEmployees","timestamp":"2023-10-07T11:18:51.326Z"}
{"level":"info","message":"[2023-10-07T11:18:55.232Z] GET /api/getEmployees","timestamp":"2023-10-07T11:18:55.232Z"}
{"level":"info","message":"[2023-10-07T11:18:58.440Z] GET /api/getEmployees","timestamp":"2023-10-07T11:18:58.440Z"}
{"level":"info","message":"[2023-10-07T11:19:08.302Z] GET /api/getEmployees","timestamp":"2023-10-07T11:19:08.302Z"}
{"level":"info","message":"[2023-10-07T11:19:43.302Z] GET /api/getEmployees","timestamp":"2023-10-07T11:19:43.302Z"}
{"level":"info","message":"[2023-10-07T11:19:47.038Z] GET /api/getEmployees","timestamp":"2023-10-07T11:19:47.038Z"}
{"level":"info","message":"[2023-10-07T11:20:33.110Z] GET /api/getEmployees","timestamp":"2023-10-07T11:20:33.110Z"}
{"level":"info","message":"[2023-10-07T11:34:12.323Z] GET /api/getEmployees","timestamp":"2023-10-07T11:34:12.323Z"}
{"level":"info","message":"[2023-10-07T11:36:26.954Z] GET /api/getEmployees","timestamp":"2023-10-07T11:36:26.954Z"}
{"level":"info","message":"[2023-10-07T11:36:29.791Z] GET /api/getEmployees","timestamp":"2023-10-07T11:36:29.791Z"}
{"level":"info","message":"[2023-10-07T11:36:31.584Z] GET /api/getEmployees","timestamp":"2023-10-07T11:36:31.584Z"}
{"level":"info","message":"[2023-10-07T11:47:04.311Z] GET /api/getEmployees","timestamp":"2023-10-07T11:47:04.311Z"}
{"level":"info","message":"[2023-10-07T11:47:08.914Z] GET /api/getEmployees","timestamp":"2023-10-07T11:47:08.914Z"}
{"level":"info","message":"[2023-10-07T11:47:10.327Z] GET /api/getEmployees","timestamp":"2023-10-07T11:47:10.327Z"}
{"level":"info","message":"[2023-10-07T11:48:57.296Z] GET /api/testERROR","timestamp":"2023-10-07T11:48:57.296Z"}
{"level":"info","message":"[2023-10-07T11:48:57.299Z] Response Status: 200","timestamp":"2023-10-07T11:48:57.299Z"}
{"level":"info","message":"[2023-10-07T11:57:43.128Z] GET /api/testERROR","timestamp":"2023-10-07T11:57:43.128Z"}
{"level":"info","message":"[2023-10-07T11:57:43.130Z] Response Status: 200","timestamp":"2023-10-07T11:57:43.130Z"}
{"level":"info","message":"[2023-10-07T11:57:53.282Z] GET /api/getEmployees","timestamp":"2023-10-07T11:57:53.282Z"}
{"level":"info","message":"[2023-10-07T11:57:54.837Z] GET /api/getEmployees","timestamp":"2023-10-07T11:57:54.837Z"}
{"level":"info","message":"[2023-10-07T11:57:56.975Z] GET /api/getEmployees","timestamp":"2023-10-07T11:57:56.975Z"}
{"level":"info","message":"[2023-10-07T11:58:32.956Z] GET /api/getEmployees","timestamp":"2023-10-07T11:58:32.956Z"}
{"level":"info","message":"[2023-10-07T11:59:41.063Z] GET /api/getEmployees","timestamp":"2023-10-07T11:59:41.063Z"}
{"level":"info","message":"[2023-10-07T12:00:06.997Z] GET /api/getEmployees","timestamp":"2023-10-07T12:00:06.997Z"}
{"level":"info","message":"[2023-10-07T12:25:28.689Z] GET /api/getEmployees","timestamp":"2023-10-07T12:25:28.689Z"}
{"level":"info","message":"[2023-10-07T12:25:31.786Z] GET /api/getEmployees","timestamp":"2023-10-07T12:25:31.786Z"}
{"level":"info","message":"[2023-10-07T12:25:34.207Z] GET /api/getEmployees","timestamp":"2023-10-07T12:25:34.207Z"}
{"level":"info","message":"[2023-10-07T12:26:44.760Z] GET /api/getEmployees","timestamp":"2023-10-07T12:26:44.760Z"}
{"level":"info","message":"[2023-10-07T12:27:43.023Z] OPTIONS /api/updateEmployees","timestamp":"2023-10-07T12:27:43.023Z"}
{"level":"info","message":"[2023-10-07T12:27:43.028Z] POST /api/updateEmployees","timestamp":"2023-10-07T12:27:43.028Z"}
{"level":"info","message":"[2023-10-07T12:27:53.531Z] GET /api/getEmployees","timestamp":"2023-10-07T12:27:53.531Z"}
{"level":"info","message":"[2023-10-07T12:28:04.067Z] OPTIONS /api/updateEmployees","timestamp":"2023-10-07T12:28:04.067Z"}
{"level":"info","message":"[2023-10-07T12:28:04.072Z] POST /api/updateEmployees","timestamp":"2023-10-07T12:28:04.072Z"}
{"level":"info","message":"[2023-10-07T12:28:40.361Z] OPTIONS /api/updateEmployees","timestamp":"2023-10-07T12:28:40.361Z"}
{"level":"info","message":"[2023-10-07T12:28:53.801Z] GET /api/getEmployees","timestamp":"2023-10-07T12:28:53.801Z"}
{"level":"info","message":"[2023-10-07T12:31:13.616Z] GET /api/getEmployees","timestamp":"2023-10-07T12:31:13.616Z"}
{"level":"info","message":"[2023-10-07T12:31:25.312Z] OPTIONS /api/updateEmployees","timestamp":"2023-10-07T12:31:25.312Z"}
{"level":"info","message":"[2023-10-07T12:31:25.316Z] POST /api/updateEmployees","timestamp":"2023-10-07T12:31:25.316Z"}
{"level":"info","message":"[2023-10-07T12:31:32.117Z] GET /api/getEmployees","timestamp":"2023-10-07T12:31:32.117Z"}
{"level":"info","message":"[2023-10-07T12:31:54.635Z] GET /api/getEmployees","timestamp":"2023-10-07T12:31:54.635Z"}
{"level":"info","message":"[2023-10-07T12:31:55.997Z] GET /api/getEmployees","timestamp":"2023-10-07T12:31:55.997Z"}
{"level":"info","message":"[2023-10-07T12:32:33.323Z] GET /api/getEmployees","timestamp":"2023-10-07T12:32:33.323Z"}
{"level":"info","message":"[2023-10-07T12:33:12.181Z] GET /api/getEmployees","timestamp":"2023-10-07T12:33:12.181Z"}
{"level":"info","message":"[2023-10-07T12:33:18.443Z] GET /api/getEmployees","timestamp":"2023-10-07T12:33:18.443Z"}
{"level":"info","message":"[2023-10-07T12:33:39.813Z] GET /api/123","timestamp":"2023-10-07T12:33:39.814Z"}
{"level":"info","message":"[2023-10-07T12:33:39.817Z] Response Status: 200","timestamp":"2023-10-07T12:33:39.817Z"}
{"level":"info","message":"[2023-10-07T12:33:41.477Z] GET /api/123","timestamp":"2023-10-07T12:33:41.477Z"}
{"level":"info","message":"[2023-10-07T12:33:41.478Z] Response Status: 200","timestamp":"2023-10-07T12:33:41.478Z"}
{"level":"info","message":"[2023-10-07T12:33:47.311Z] GET /api/getEmployees","timestamp":"2023-10-07T12:33:47.311Z"}
{"level":"info","message":"Server is running on port 5000","timestamp":"2023-10-08T10:48:37.692Z"}
{"level":"info","message":"[2023-10-08T10:49:11.546Z] GET /api/getEmployees","timestamp":"2023-10-08T10:49:11.546Z"}
{"level":"info","message":"[2023-10-08T10:49:23.015Z] GET /api/getEmployees","timestamp":"2023-10-08T10:49:23.015Z"}
{"level":"info","message":"[2023-10-08T10:49:26.549Z] GET /api/getEmployees","timestamp":"2023-10-08T10:49:26.549Z"}
{"level":"info","message":"[2023-10-08T10:50:02.548Z] GET /api/1234","timestamp":"2023-10-08T10:50:02.548Z"}
{"level":"info","message":"[2023-10-08T10:50:06.859Z] GET /api/1234","timestamp":"2023-10-08T10:50:06.859Z"}
{"level":"info","message":"[2023-10-08T10:50:57.510Z] GET /api/1234","timestamp":"2023-10-08T10:50:57.510Z"}
{"level":"info","message":"[2023-10-08T10:50:57.513Z] Response Status: 200","timestamp":"2023-10-08T10:50:57.513Z"}
{"level":"info","message":"[2023-10-08T10:52:23.971Z] GET /api/getEmployees","timestamp":"2023-10-08T10:52:23.971Z"}
{"level":"info","message":"[2023-10-08T10:52:26.555Z] GET /api/getEmployees","timestamp":"2023-10-08T10:52:26.555Z"}
{"level":"info","message":"[2023-10-08T10:52:30.313Z] GET /api/getEmployees","timestamp":"2023-10-08T10:52:30.313Z"}
{"level":"info","message":"[2023-10-08T10:53:38.480Z] GET /api/getEmployees","timestamp":"2023-10-08T10:53:38.480Z"}
{"level":"info","message":"[2023-10-08T10:53:52.803Z] GET /api/getEmployees","timestamp":"2023-10-08T10:53:52.803Z"}
{"level":"info","message":"[2023-10-08T10:53:55.829Z] GET /api/getEmployees","timestamp":"2023-10-08T10:53:55.830Z"}
{"level":"info","message":"[2023-10-08T10:54:46.938Z] GET /api/1234","timestamp":"2023-10-08T10:54:46.938Z"}
{"level":"info","message":"[2023-10-08T10:54:46.941Z] Response Status: 200","timestamp":"2023-10-08T10:54:46.941Z"}
{"level":"info","message":"Server is running on port 5000","timestamp":"2023-10-08T12:14:54.983Z"}
{"level":"info","message":"[2023-10-08T12:15:48.494Z] GET /api/1234","timestamp":"2023-10-08T12:15:48.495Z"}
{"level":"info","message":"[2023-10-08T12:15:48.506Z] Response Status: 200","timestamp":"2023-10-08T12:15:48.506Z"}
{"level":"info","message":"Server is running on port 5000","timestamp":"2023-10-12T12:08:51.484Z"}
{"level":"info","message":"[2023-10-12T12:09:48.194Z] GET /api/getEmployees","timestamp":"2023-10-12T12:09:48.195Z"}
